<?xml version="1.0" encoding="UTF-8"?>
<testng-results ignored="0" total="1" passed="1" failed="0" skipped="0">
  <reporter-output>
  </reporter-output>
  <suite started-at="2023-07-19T00:18:37 PDT" name="Default suite" finished-at="2023-07-19T00:19:11 PDT" duration-ms="33447">
    <groups>
    </groups>
    <test started-at="2023-07-19T00:18:37 PDT" name="Default test" finished-at="2023-07-19T00:19:11 PDT" duration-ms="33447">
      <class name="com.testScripts.allcontacts">
        <test-method signature="contacts()[pri:0, instance:com.testScripts.allcontacts@52b1beb6]" started-at="2023-07-19T00:18:37 PDT" name="contacts" finished-at="2023-07-19T00:19:11 PDT" duration-ms="33418" status="PASS">
          <reporter-output>
          </reporter-output>
        </test-method> <!-- contacts -->
      </class> <!-- com.testScripts.allcontacts -->
    </test> <!-- Default test -->
  </suite> <!-- Default suite -->
</testng-results>
